2025-03-21 12:35:14,682 [INFO] Activator:176 - 


2025-03-21 12:35:14,682 [INFO] Activator:177 - !SESSION log4j initialized
2025-03-21 12:35:16,457 [INFO] LogOutputStream:77 - [STDOUT_REDIRECT] 
2025-03-21 12:35:17,855 [INFO] ApplicationProperties:184 - Using Application install path: C:\ST\STM32CubeIDE_1.17.0\STM32CubeIDE\plugins\com.st.stm32cube.common.mx_6.13.0.202411220809
2025-03-21 12:35:17,868 [INFO] DbMcusXml:78 - Set database path to: C:\ST\STM32CubeIDE_1.17.0\STM32CubeIDE\plugins\com.st.stm32cube.common.mx_6.13.0.202411220809\\db\/mcu/
2025-03-21 12:35:17,868 [INFO] ApiDb:274 - Set plugin database path to: C:\ST\STM32CubeIDE_1.17.0\STM32CubeIDE\plugins\com.st.stm32cube.common.mx_6.13.0.202411220809\\db\/plugins/boardmanager/
2025-03-21 12:35:17,869 [WARN] ApiDb:259 - Overriding images path with different value:  => C:\ST\STM32CubeIDE_1.17.0\STM32CubeIDE\plugins\com.st.stm32cube.common.mx_6.13.0.202411220809\\db\/plugins/mcufinder/images/
2025-03-21 12:35:17,872 [INFO] ApiDb:250 - Set database path to: C:\Users\Gerda\.stmcufinder\plugins\mcufinder//mcu/
2025-03-21 12:35:17,872 [INFO] DbMcusAds:125 - Set database path to: C:\Users\Gerda\.stmcufinder\plugins\mcufinder//mcu/
2025-03-21 12:35:17,873 [INFO] CrossReferenceDbSqlite:203 - Set database path to: C:\Users\Gerda\.stmcufinder\plugins\mcufinder//mcu/cs/
2025-03-21 12:35:17,949 [INFO] RulesReader:64 - Compatibility file has been processed (297 Rules)
2025-03-21 12:35:18,005 [INFO] DbMcusXml:78 - Set database path to: C:\ST\STM32CubeIDE_1.17.0\STM32CubeIDE\plugins\com.st.stm32cube.common.mx_6.13.0.202411220809\\db\/mcu/
2025-03-21 12:35:18,005 [INFO] ApiDb:274 - Set plugin database path to: C:\ST\STM32CubeIDE_1.17.0\STM32CubeIDE\plugins\com.st.stm32cube.common.mx_6.13.0.202411220809\\db\/plugins/boardmanager/
2025-03-21 12:35:18,006 [INFO] ApiDb:261 - Set plugin images path to: C:\ST\STM32CubeIDE_1.17.0\STM32CubeIDE\plugins\com.st.stm32cube.common.mx_6.13.0.202411220809\\db\/plugins/mcufinder/images/
2025-03-21 12:35:18,006 [WARN] DbFile:41 - Overriding database path with different value: C:\Users\Gerda\.stmcufinder\plugins\mcufinder/ => C:\Users\Gerda\.stmcufinder\plugins\mcufinder
2025-03-21 12:35:18,006 [INFO] ApiDb:250 - Set database path to: C:\Users\Gerda\.stmcufinder\plugins\mcufinder//mcu/
2025-03-21 12:35:18,006 [WARN] DbFile:41 - Overriding database path with different value: C:\Users\Gerda\.stmcufinder\plugins\mcufinder/ => C:\Users\Gerda\.stmcufinder\plugins\mcufinder
2025-03-21 12:35:18,006 [INFO] DbMcusAds:125 - Set database path to: C:\Users\Gerda\.stmcufinder\plugins\mcufinder//mcu/
2025-03-21 12:35:18,006 [WARN] DbFile:41 - Overriding database path with different value: C:\Users\Gerda\.stmcufinder\plugins\mcufinder/ => C:\Users\Gerda\.stmcufinder\plugins\mcufinder
2025-03-21 12:35:18,006 [WARN] DbFile:41 - Overriding database path with different value: C:\Users\Gerda\.stmcufinder\plugins\mcufinder/ => C:\Users\Gerda\.stmcufinder\plugins\mcufinder
2025-03-21 12:35:18,006 [INFO] CrossReferenceDbSqlite:203 - Set database path to: C:\Users\Gerda\.stmcufinder\plugins\mcufinder//mcu/cs/
2025-03-21 12:35:18,054 [INFO] MainPanel:272 - HeapMemory: 268435456
2025-03-21 12:35:18,100 [INFO] DbMcusXml:78 - Set database path to: C:\ST\STM32CubeIDE_1.17.0\STM32CubeIDE\plugins\com.st.stm32cube.common.mx_6.13.0.202411220809\\db\/mcu/
2025-03-21 12:35:18,100 [INFO] ApiDb:274 - Set plugin database path to: C:\ST\STM32CubeIDE_1.17.0\STM32CubeIDE\plugins\com.st.stm32cube.common.mx_6.13.0.202411220809\\db\/plugins/boardmanager/
2025-03-21 12:35:18,100 [INFO] ApiDb:261 - Set plugin images path to: C:\ST\STM32CubeIDE_1.17.0\STM32CubeIDE\plugins\com.st.stm32cube.common.mx_6.13.0.202411220809\\db\/plugins/mcufinder/images/
2025-03-21 12:35:18,100 [WARN] DbFile:41 - Overriding database path with different value: C:\Users\Gerda\.stmcufinder\plugins\mcufinder/ => C:\Users\Gerda\.stmcufinder\plugins\mcufinder
2025-03-21 12:35:18,100 [INFO] ApiDb:250 - Set database path to: C:\Users\Gerda\.stmcufinder\plugins\mcufinder//mcu/
2025-03-21 12:35:18,100 [WARN] DbFile:41 - Overriding database path with different value: C:\Users\Gerda\.stmcufinder\plugins\mcufinder/ => C:\Users\Gerda\.stmcufinder\plugins\mcufinder
2025-03-21 12:35:18,101 [INFO] DbMcusAds:125 - Set database path to: C:\Users\Gerda\.stmcufinder\plugins\mcufinder//mcu/
2025-03-21 12:35:18,101 [WARN] DbFile:41 - Overriding database path with different value: C:\Users\Gerda\.stmcufinder\plugins\mcufinder/ => C:\Users\Gerda\.stmcufinder\plugins\mcufinder
2025-03-21 12:35:18,101 [WARN] DbFile:41 - Overriding database path with different value: C:\Users\Gerda\.stmcufinder\plugins\mcufinder/ => C:\Users\Gerda\.stmcufinder\plugins\mcufinder
2025-03-21 12:35:18,101 [INFO] CrossReferenceDbSqlite:203 - Set database path to: C:\Users\Gerda\.stmcufinder\plugins\mcufinder//mcu/cs/
2025-03-21 12:35:18,111 [INFO] ApplicationProperties:184 - Using Application install path: C:\ST\STM32CubeIDE_1.17.0\STM32CubeIDE\plugins\com.st.stm32cube.common.mx_6.13.0.202411220809
2025-03-21 12:35:18,112 [INFO] PluginManage:196 - Search for loadable plugins [exclusion list=, ]
2025-03-21 12:35:18,113 [INFO] PluginManage:310 - Check plugin analytics
2025-03-21 12:35:18,249 [INFO] AnalyticsPlugin:253 - Accepted Software Licenses: 
2025-03-21 12:35:18,249 [INFO] AnalyticsPlugin:255 - Accepted CMSIS Pack Licenses: 
2025-03-21 12:35:18,249 [INFO] AnalyticsPlugin:257 - Accepted Firmware Licenses: FW.G4.1.6.0,FW.F4.1.28.0,FW.F4.1.27.0,FW.H7.1.12.0
2025-03-21 12:35:18,253 [INFO] PluginManage:359 - Loaded plugin analytics (category:tool,tabindex:-1)
2025-03-21 12:35:18,253 [INFO] PluginManage:310 - Check plugin cadmodel
2025-03-21 12:35:18,258 [INFO] CADModel:105 - Init CAD model plugin
2025-03-21 12:35:18,259 [INFO] PluginManage:359 - Loaded plugin cadmodel (category:power,tabindex:5)
2025-03-21 12:35:18,259 [INFO] PluginManage:310 - Check plugin clock
2025-03-21 12:35:18,267 [INFO] PluginManage:359 - Loaded plugin clock (category:base,tabindex:2)
2025-03-21 12:35:18,268 [INFO] PluginManage:310 - Check plugin ddr
2025-03-21 12:35:18,271 [INFO] PluginManage:359 - Loaded plugin ddr (category:tool,tabindex:6)
2025-03-21 12:35:18,271 [INFO] PluginManage:310 - Check plugin filemanager
2025-03-21 12:35:18,379 [INFO] PluginManage:359 - Loaded plugin filemanager (category:base,tabindex:10)
2025-03-21 12:35:18,379 [INFO] PluginManage:310 - Check plugin ipmanager
2025-03-21 12:35:18,385 [INFO] PluginManage:359 - Loaded plugin ipmanager (category:base,tabindex:5)
2025-03-21 12:35:18,385 [INFO] PluginManage:310 - Check plugin lpbam
2025-03-21 12:35:18,391 [INFO] PluginManage:359 - Loaded plugin lpbam (category:base,tabindex:0)
2025-03-21 12:35:18,391 [INFO] PluginManage:310 - Check plugin memorymap
2025-03-21 12:35:18,420 [INFO] PluginManage:359 - Loaded plugin memorymap (category:base,tabindex:4)
2025-03-21 12:35:18,420 [INFO] PluginManage:310 - Check plugin pinoutandconfiguration
2025-03-21 12:35:18,425 [INFO] PluginManage:359 - Loaded plugin pinoutandconfiguration (category:base,tabindex:1)
2025-03-21 12:35:18,425 [INFO] PluginManage:310 - Check plugin pinoutconfig
2025-03-21 12:35:18,537 [WARN] SupportedApi:132 - Cannot load RTOS API schema: s4s-elt-must-match.1: The content of 'definitions' must match (annotation?, (simpleType | complexType)?, (unique | key | keyref)*)). A problem was found starting at: attribute.
2025-03-21 12:35:18,616 [INFO] PluginManage:359 - Loaded plugin pinoutconfig (category:base,tabindex:0)
2025-03-21 12:35:18,616 [INFO] PluginManage:310 - Check plugin power
2025-03-21 12:35:18,621 [INFO] PluginManage:359 - Loaded plugin power (category:power,tabindex:4)
2025-03-21 12:35:18,621 [INFO] PluginManage:310 - Check plugin projectmanager
2025-03-21 12:35:18,634 [INFO] PluginManage:359 - Loaded plugin projectmanager (category:projectmanager,tabindex:4)
2025-03-21 12:35:18,635 [INFO] PluginManage:310 - Check plugin rif
2025-03-21 12:35:18,639 [INFO] PluginManage:359 - Loaded plugin rif (category:base,tabindex:3)
2025-03-21 12:35:18,639 [INFO] PluginManage:310 - Check plugin thirdparty
2025-03-21 12:35:18,743 [INFO] PluginManage:359 - Loaded plugin thirdparty (category:base,tabindex:-1)
2025-03-21 12:35:18,743 [WARN] IntegrityCheckThread:84 - waiting for thirdparty lock release [integrity check]
2025-03-21 12:35:18,743 [INFO] IntegrityCheckThread:86 - entering critical section [integrity check]
2025-03-21 12:35:18,743 [INFO] PluginManage:310 - Check plugin tools
2025-03-21 12:35:18,743 [INFO] ThirdPartyUpdaterWithRetryManager:70 - Updater plugin not ready yet. [1/15]
2025-03-21 12:35:18,746 [INFO] PluginManage:359 - Loaded plugin tools (category:base,tabindex:7)
2025-03-21 12:35:18,746 [INFO] PluginManage:310 - Check plugin tutovideos
2025-03-21 12:35:18,833 [INFO] PluginManage:359 - Loaded plugin tutovideos (category:base,tabindex:-1)
2025-03-21 12:35:18,833 [INFO] PluginManage:310 - Check plugin updater
2025-03-21 12:35:18,853 [INFO] PluginManage:359 - Loaded plugin updater (category:base,tabindex:12)
2025-03-21 12:35:18,853 [INFO] PluginManage:310 - Check plugin userauth
2025-03-21 12:35:18,856 [INFO] UserAuth:118 - Init User Auth plugin
2025-03-21 12:35:18,857 [INFO] PluginManage:359 - Loaded plugin userauth (category:base,tabindex:14)
2025-03-21 12:35:18,858 [INFO] PluginManage:283 - PluginManage : Loaded plugins [18]
2025-03-21 12:35:19,037 [INFO] PinOutPanel:1589 - setPackage(No Configuration,No Configuration)
2025-03-21 12:35:19,097 [INFO] CADModel:165 - CPN selected for project level
2025-03-21 12:35:19,097 [INFO] CADModel:114 - Register for checkConnection events
2025-03-21 12:35:19,105 [INFO] IPUIPlugin:80 - create IPUIPlugin
2025-03-21 12:35:19,105 [INFO] PluginManager:220 - loadIPPluginJar : add adc
2025-03-21 12:35:19,107 [INFO] IPUIPlugin:80 - create IPUIPlugin
2025-03-21 12:35:19,107 [INFO] PluginManager:220 - loadIPPluginJar : add aes
2025-03-21 12:35:19,108 [INFO] IPUIPlugin:80 - create IPUIPlugin
2025-03-21 12:35:19,108 [INFO] PluginManager:220 - loadIPPluginJar : add can
2025-03-21 12:35:19,109 [INFO] IPUIPlugin:80 - create IPUIPlugin
2025-03-21 12:35:19,109 [INFO] PluginManager:220 - loadIPPluginJar : add comp
2025-03-21 12:35:19,110 [INFO] IPUIPlugin:80 - create IPUIPlugin
2025-03-21 12:35:19,110 [INFO] PluginManager:220 - loadIPPluginJar : add cryp
2025-03-21 12:35:19,111 [INFO] IPUIPlugin:80 - create IPUIPlugin
2025-03-21 12:35:19,112 [INFO] PluginManager:220 - loadIPPluginJar : add ddr_ctrl_phy
2025-03-21 12:35:19,113 [INFO] IPUIPlugin:80 - create IPUIPlugin
2025-03-21 12:35:19,113 [INFO] PluginManager:220 - loadIPPluginJar : add dfsdm
2025-03-21 12:35:19,116 [INFO] IPUIPlugin:80 - create IPUIPlugin
2025-03-21 12:35:19,116 [INFO] PluginManager:220 - loadIPPluginJar : add dma
2025-03-21 12:35:19,117 [INFO] IPUIPlugin:80 - create IPUIPlugin
2025-03-21 12:35:19,117 [INFO] PluginManager:220 - loadIPPluginJar : add dma3
2025-03-21 12:35:19,118 [INFO] IPUIPlugin:80 - create IPUIPlugin
2025-03-21 12:35:19,118 [INFO] PluginManager:220 - loadIPPluginJar : add extmemmanager
2025-03-21 12:35:19,119 [INFO] IPUIPlugin:80 - create IPUIPlugin
2025-03-21 12:35:19,119 [INFO] PluginManager:220 - loadIPPluginJar : add fatfs
2025-03-21 12:35:19,121 [INFO] IPUIPlugin:80 - create IPUIPlugin
2025-03-21 12:35:19,121 [INFO] PluginManager:220 - loadIPPluginJar : add fmc
2025-03-21 12:35:19,124 [INFO] IPUIPlugin:80 - create IPUIPlugin
2025-03-21 12:35:19,124 [INFO] PluginManager:220 - loadIPPluginJar : add freertos
2025-03-21 12:35:19,125 [INFO] IPUIPlugin:80 - create IPUIPlugin
2025-03-21 12:35:19,125 [INFO] PluginManager:220 - loadIPPluginJar : add genericplugin
2025-03-21 12:35:19,126 [INFO] IPUIPlugin:80 - create IPUIPlugin
2025-03-21 12:35:19,126 [INFO] PluginManager:220 - loadIPPluginJar : add gfxmmu
2025-03-21 12:35:19,128 [INFO] IPUIPlugin:80 - create IPUIPlugin
2025-03-21 12:35:19,129 [INFO] PluginManager:220 - loadIPPluginJar : add gic
2025-03-21 12:35:19,130 [INFO] IPUIPlugin:80 - create IPUIPlugin
2025-03-21 12:35:19,130 [INFO] PluginManager:220 - loadIPPluginJar : add gpio
2025-03-21 12:35:19,132 [INFO] IPUIPlugin:80 - create IPUIPlugin
2025-03-21 12:35:19,132 [INFO] PluginManager:220 - loadIPPluginJar : add gtzc
2025-03-21 12:35:19,133 [INFO] IPUIPlugin:80 - create IPUIPlugin
2025-03-21 12:35:19,133 [INFO] PluginManager:220 - loadIPPluginJar : add hash
2025-03-21 12:35:19,134 [INFO] IPUIPlugin:80 - create IPUIPlugin
2025-03-21 12:35:19,134 [INFO] PluginManager:220 - loadIPPluginJar : add i2c
2025-03-21 12:35:19,135 [INFO] IPUIPlugin:80 - create IPUIPlugin
2025-03-21 12:35:19,135 [INFO] PluginManager:220 - loadIPPluginJar : add i2s
2025-03-21 12:35:19,137 [INFO] IPUIPlugin:80 - create IPUIPlugin
2025-03-21 12:35:19,137 [INFO] PluginManager:220 - loadIPPluginJar : add i3c
2025-03-21 12:35:19,138 [INFO] IPUIPlugin:80 - create IPUIPlugin
2025-03-21 12:35:19,138 [INFO] PluginManager:220 - loadIPPluginJar : add ipddr
2025-03-21 12:35:19,142 [INFO] IPUIPlugin:80 - create IPUIPlugin
2025-03-21 12:35:19,142 [INFO] PluginManager:220 - loadIPPluginJar : add linkedlist
2025-03-21 12:35:19,143 [INFO] IPUIPlugin:80 - create IPUIPlugin
2025-03-21 12:35:19,143 [INFO] PluginManager:220 - loadIPPluginJar : add lorawan
2025-03-21 12:35:19,144 [INFO] IPUIPlugin:80 - create IPUIPlugin
2025-03-21 12:35:19,144 [INFO] PluginManager:220 - loadIPPluginJar : add ltdc
2025-03-21 12:35:19,146 [INFO] IPUIPlugin:80 - create IPUIPlugin
2025-03-21 12:35:19,147 [INFO] PluginManager:220 - loadIPPluginJar : add mdma
2025-03-21 12:35:19,148 [INFO] IPUIPlugin:80 - create IPUIPlugin
2025-03-21 12:35:19,148 [INFO] PluginManager:220 - loadIPPluginJar : add nvic
2025-03-21 12:35:19,150 [INFO] IPUIPlugin:80 - create IPUIPlugin
2025-03-21 12:35:19,150 [INFO] PluginManager:220 - loadIPPluginJar : add opamp
2025-03-21 12:35:19,151 [INFO] IPUIPlugin:80 - create IPUIPlugin
2025-03-21 12:35:19,151 [INFO] PluginManager:220 - loadIPPluginJar : add openamp
2025-03-21 12:35:19,153 [INFO] IPUIPlugin:80 - create IPUIPlugin
2025-03-21 12:35:19,153 [INFO] PluginManager:220 - loadIPPluginJar : add pdm2pcm
2025-03-21 12:35:19,156 [INFO] IPUIPlugin:80 - create IPUIPlugin
2025-03-21 12:35:19,157 [INFO] PluginManager:220 - loadIPPluginJar : add plateformsettings
2025-03-21 12:35:19,158 [INFO] IPUIPlugin:80 - create IPUIPlugin
2025-03-21 12:35:19,158 [INFO] PluginManager:220 - loadIPPluginJar : add quadspi
2025-03-21 12:35:19,159 [INFO] IPUIPlugin:80 - create IPUIPlugin
2025-03-21 12:35:19,160 [INFO] PluginManager:220 - loadIPPluginJar : add radio
2025-03-21 12:35:19,161 [INFO] IPUIPlugin:80 - create IPUIPlugin
2025-03-21 12:35:19,161 [INFO] PluginManager:220 - loadIPPluginJar : add resmgrutility
2025-03-21 12:35:19,163 [INFO] IPUIPlugin:80 - create IPUIPlugin
2025-03-21 12:35:19,163 [INFO] PluginManager:220 - loadIPPluginJar : add sai
2025-03-21 12:35:19,165 [INFO] IPUIPlugin:80 - create IPUIPlugin
2025-03-21 12:35:19,165 [INFO] PluginManager:220 - loadIPPluginJar : add spi
2025-03-21 12:35:19,167 [INFO] IPUIPlugin:80 - create IPUIPlugin
2025-03-21 12:35:19,167 [INFO] PluginManager:220 - loadIPPluginJar : add stm32_wpan
2025-03-21 12:35:19,168 [INFO] IPUIPlugin:80 - create IPUIPlugin
2025-03-21 12:35:19,168 [INFO] PluginManager:220 - loadIPPluginJar : add tim
2025-03-21 12:35:19,170 [INFO] IPUIPlugin:80 - create IPUIPlugin
2025-03-21 12:35:19,170 [INFO] PluginManager:220 - loadIPPluginJar : add touchsensing
2025-03-21 12:35:19,171 [INFO] IPUIPlugin:80 - create IPUIPlugin
2025-03-21 12:35:19,171 [INFO] PluginManager:220 - loadIPPluginJar : add tracer_emb
2025-03-21 12:35:19,172 [INFO] IPUIPlugin:80 - create IPUIPlugin
2025-03-21 12:35:19,172 [INFO] PluginManager:220 - loadIPPluginJar : add ts
2025-03-21 12:35:19,173 [INFO] IPUIPlugin:80 - create IPUIPlugin
2025-03-21 12:35:19,173 [INFO] PluginManager:220 - loadIPPluginJar : add tsc
2025-03-21 12:35:19,174 [INFO] IPUIPlugin:80 - create IPUIPlugin
2025-03-21 12:35:19,174 [INFO] PluginManager:220 - loadIPPluginJar : add ucpd
2025-03-21 12:35:19,175 [INFO] IPUIPlugin:80 - create IPUIPlugin
2025-03-21 12:35:19,176 [INFO] PluginManager:220 - loadIPPluginJar : add usart
2025-03-21 12:35:19,177 [INFO] IPUIPlugin:80 - create IPUIPlugin
2025-03-21 12:35:19,177 [INFO] PluginManager:220 - loadIPPluginJar : add usbx
2025-03-21 12:35:19,294 [FATAL] Updater:351 - Updater called before beeing initialized
2025-03-21 12:35:19,313 [INFO] RulesReader:64 - Compatibility file has been processed (297 Rules)
2025-03-21 12:35:19,321 [INFO] RulesReader:64 - Compatibility file has been processed (297 Rules)
2025-03-21 12:35:19,328 [INFO] CADModel:165 - CPN selected for project level
2025-03-21 12:35:19,328 [INFO] CADModel:114 - Register for checkConnection events
2025-03-21 12:35:19,328 [FATAL] Updater:351 - Updater called before beeing initialized
2025-03-21 12:35:19,328 [ERROR] CADModel:125 - Updater not yet initialized, retry later 
2025-03-21 12:35:19,440 [FATAL] Updater:351 - Updater called before beeing initialized
2025-03-21 12:35:19,442 [INFO] CADModel:165 - CPN selected for project level
2025-03-21 12:35:19,442 [INFO] CADModel:114 - Register for checkConnection events
2025-03-21 12:35:19,442 [FATAL] Updater:351 - Updater called before beeing initialized
2025-03-21 12:35:19,442 [ERROR] CADModel:125 - Updater not yet initialized, retry later 
2025-03-21 12:35:19,445 [FATAL] Updater:351 - Updater called before beeing initialized
2025-03-21 12:35:19,521 [FATAL] Updater:351 - Updater called before beeing initialized
2025-03-21 12:35:19,523 [INFO] DbMcusAds:53 - JSON generation date=Thu Mar 06 15:54:21 CET 2025 (1741272861825)
2025-03-21 12:35:19,523 [FATAL] Updater:351 - Updater called before beeing initialized
2025-03-21 12:35:19,544 [WARN] DetailPanel:346 - Failed to get advertising image, set to default
2025-03-21 12:35:19,694 [FATAL] Updater:351 - Updater called before beeing initialized
2025-03-21 12:35:19,696 [FATAL] Updater:351 - Updater called before beeing initialized
2025-03-21 12:35:19,696 [FATAL] Updater:351 - Updater called before beeing initialized
2025-03-21 12:35:19,696 [WARN] DetailPanel:346 - Failed to get advertising image, set to default
2025-03-21 12:35:19,697 [FATAL] Updater:351 - Updater called before beeing initialized
2025-03-21 12:35:19,729 [ERROR] Updater:1198 - MainUpdater not yet initialized. External WinMGr cannot be set.
2025-03-21 12:35:19,731 [INFO] Updater:1134 - Updater Version found : 6.13.0
2025-03-21 12:35:19,741 [INFO] ApplicationProperties:184 - Using Application install path: C:\ST\STM32CubeIDE_1.17.0\STM32CubeIDE\plugins\com.st.stm32cube.common.mx_6.13.0.202411220809
2025-03-21 12:35:21,308 [ERROR] LogOutputStream:75 - [STDERR_REDIRECT] Mar 21, 2025 12:35:21 PM java.util.prefs.WindowsPreferences <init>
2025-03-21 12:35:21,310 [ERROR] LogOutputStream:75 - [STDERR_REDIRECT] WARNING: Could not open/create prefs root node Software\JavaSoft\Prefs at root 0xffffffff80000002. Windows RegCreateKeyEx(...) returned error code 5.
2025-03-21 12:35:21,310 [ERROR] LogOutputStream:75 - [STDERR_REDIRECT] 
2025-03-21 12:35:21,593 [INFO] MainUpdater:2872 - connection check result : 10
2025-03-21 12:35:21,594 [INFO] MainUpdater:289 - Updater Check For Update Now.
2025-03-21 12:35:21,594 [INFO] MicroXplorer:498 - Change Database Version : DB.6.0.130
2025-03-21 12:35:21,601 [INFO] McuFinderGlobals:63 - Set McuFinder mode to 2 (CubeIDE integrated)
2025-03-21 12:35:21,602 [INFO] UserAuth:486 - Internet connection configuration mode: 1
2025-03-21 12:35:21,621 [INFO] JxBrowserEngine:152 - Initiate JxBrowser Engine with user profile folder
2025-03-21 12:35:21,745 [WARN] MainUpdater:1193 - Updater busy. Cannot search thirdparties
2025-03-21 12:35:21,745 [INFO] ThirdPartyUpdaterWithRetryManager:96 - Updater plugin is busy. [1/15]
2025-03-21 12:35:21,781 [INFO] CheckServerUpdateThread:120 - End of CheckServer Thread
2025-03-21 12:35:22,191 [INFO] WebApp:168 - Instantiating new browser for Auth
2025-03-21 12:35:22,705 [INFO] WebApp:449 - Apply proxy settings
2025-03-21 12:35:22,706 [INFO] WebApp:534 - Chromium requires no authentication
2025-03-21 12:35:22,711 [INFO] WebApp:477 - Direct internet connection detected
2025-03-21 12:35:22,736 [INFO] WebApp:880 - Register for checkConnection events
2025-03-21 12:35:22,736 [INFO] WebApp:449 - Apply proxy settings
2025-03-21 12:35:22,737 [INFO] WebApp:534 - Chromium requires no authentication
2025-03-21 12:35:22,738 [INFO] WebApp:477 - Direct internet connection detected
2025-03-21 12:35:22,851 [INFO] WebApp:221 - Starting web application
2025-03-21 12:35:22,851 [INFO] WebApp:579 - Web application path used C:\ST\STM32CubeIDE_1.17.0\STM32CubeIDE\plugins\com.st.stm32cube.common.mx_6.13.0.202411220809\db\plugins\mcufinder\reactClient1\index.html
2025-03-21 12:35:22,909 [INFO] UserAuth:486 - Internet connection configuration mode: 1
2025-03-21 12:35:23,031 [INFO] WebApp:187 - Connection restablished
2025-03-21 12:35:24,932 [WARN] PackLoader:240 - Cannot read IP mode file for STMicroelectronics.FP-SNS-MOTENVWB1.1.4.0
2025-03-21 12:35:24,943 [WARN] PackLoader:240 - Cannot read IP mode file for STMicroelectronics.FP-ATR-ASTRA1.2.0.2
2025-03-21 12:35:24,949 [WARN] PackLoader:240 - Cannot read IP mode file for STMicroelectronics.FP-ATR-ASTRA1.2.0.1
2025-03-21 12:35:24,972 [WARN] PackLoader:240 - Cannot read IP mode file for STMicroelectronics.X-CUBE-SMBUS.2.1.0
2025-03-21 12:35:24,981 [WARN] PackLoader:240 - Cannot read IP mode file for STMicroelectronics.X-CUBE-WB05N.1.1.0
2025-03-21 12:35:25,023 [WARN] PackLoader:240 - Cannot read IP mode file for STMicroelectronics.X-CUBE-AZRTOS-F7.1.1.0
2025-03-21 12:35:25,033 [WARN] PackLoader:240 - Cannot read IP mode file for STMicroelectronics.FP-SNS-FLIGHT1.5.0.2
2025-03-21 12:35:25,058 [WARN] PackLoader:240 - Cannot read IP mode file for Infineon.AIROC-Wi-Fi-Bluetooth-STM32.1.7.0
2025-03-21 12:35:25,068 [WARN] PackLoader:240 - Cannot read IP mode file for STMicroelectronics.X-CUBE-DISPLAY.3.0.0
2025-03-21 12:35:25,075 [WARN] PackLoader:240 - Cannot read IP mode file for STMicroelectronics.X-CUBE-BLE1.7.0.0
2025-03-21 12:35:25,082 [WARN] PackLoader:240 - Cannot read IP mode file for STMicroelectronics.X-CUBE-NFC10.1.0.0
2025-03-21 12:35:25,091 [WARN] PackLoader:240 - Cannot read IP mode file for STMicroelectronics.X-CUBE-BLEMGR.4.0.0
2025-03-21 12:35:25,098 [WARN] PackLoader:240 - Cannot read IP mode file for emotas.I-CUBE-CANOPEN.1.3.0
2025-03-21 12:35:25,101 [WARN] PackLoader:240 - Cannot read IP mode file for STMicroelectronics.FP-SNS-SMARTAG2.1.2.0
2025-03-21 12:35:25,105 [WARN] PackLoader:240 - Cannot read IP mode file for STMicroelectronics.FP-SNS-FLIGHT1.5.1.0
2025-03-21 12:35:25,132 [WARN] PackLoader:240 - Cannot read IP mode file for STMicroelectronics.X-CUBE-MEMS1.11.1.0
2025-03-21 12:35:25,301 [INFO] LogOutputStream:77 - [STDOUT_REDIRECT] 1 : Invalid condition id : UX_CORESTACK_Condition cause : null
2025-03-21 12:35:25,301 [INFO] LogOutputStream:77 - [STDOUT_REDIRECT] 1 : Invalid condition id : UX_CORESTACK_Condition cause : null
2025-03-21 12:35:25,302 [INFO] LogOutputStream:77 - [STDOUT_REDIRECT] 1 : Invalid condition id : UX_CORESTACK_Condition cause : null
2025-03-21 12:35:25,304 [INFO] LogOutputStream:77 - [STDOUT_REDIRECT] 1 : Invalid condition id : UX_CORESTACK_Condition cause : null
2025-03-21 12:35:25,304 [INFO] LogOutputStream:77 - [STDOUT_REDIRECT] 1 : Invalid condition id : UX_CORESTACK_Condition cause : null
2025-03-21 12:35:25,307 [WARN] PackLoader:240 - Cannot read IP mode file for STMicroelectronics.X-CUBE-AZRTOS-WL.2.0.0
2025-03-21 12:35:25,312 [WARN] PackLoader:240 - Cannot read IP mode file for STMicroelectronics.FP-SNS-MOTENV1.5.0.0
2025-03-21 12:35:25,318 [WARN] PackLoader:240 - Cannot read IP mode file for WES.I-CUBE-Cesium.1.3.0
2025-03-21 12:35:25,322 [WARN] PackLoader:240 - Cannot read IP mode file for STMicroelectronics.X-CUBE-BLE2.3.3.0
2025-03-21 12:35:25,327 [WARN] PackLoader:240 - Cannot read IP mode file for STMicroelectronics.X-CUBE-NFC9.1.0.0
2025-03-21 12:35:25,331 [WARN] PackLoader:240 - Cannot read IP mode file for STMicroelectronics.X-CUBE-BLE1.7.1.0
2025-03-21 12:35:25,340 [WARN] PackLoader:240 - Cannot read IP mode file for STMicroelectronics.X-CUBE-AZRTOS-G0.1.1.0
2025-03-21 12:35:25,365 [WARN] PackLoader:240 - Cannot read IP mode file for STMicroelectronics.X-CUBE-SAFEA1.1.2.2
2025-03-21 12:35:25,372 [WARN] PackLoader:240 - Cannot read IP mode file for STMicroelectronics.X-CUBE-NFC4.3.0.0
2025-03-21 12:35:25,380 [WARN] PackLoader:240 - Cannot read IP mode file for EmbeddedOffice.I-CUBE-FS-RTOS.1.0.1
2025-03-21 12:35:25,385 [WARN] PackLoader:240 - Cannot read IP mode file for STMicroelectronics.X-CUBE-TCPP.4.2.0
2025-03-21 12:35:25,390 [WARN] PackLoader:240 - Cannot read IP mode file for RealThread.X-CUBE-RT-Thread_Nano.4.1.1
2025-03-21 12:35:25,395 [WARN] PackLoader:240 - Cannot read IP mode file for STMicroelectronics.FP-ATR-SIGFOX1.3.2.0
2025-03-21 12:35:25,400 [WARN] ConditionMgr:438 - getConditionDescription Invalid condition id : Cortex-A Device cause : null
2025-03-21 12:35:25,414 [WARN] ConditionMgr:1044 - genDependencies : Invalid condition id : Cortex-A Device cause : null
2025-03-21 12:35:25,415 [WARN] ConditionMgr:1044 - genDependencies : Invalid condition id : Cortex-A Device cause : null
2025-03-21 12:35:25,415 [WARN] ConditionMgr:1044 - genDependencies : Invalid condition id : Cortex-A Device cause : null
2025-03-21 12:35:25,419 [WARN] PackLoader:240 - Cannot read IP mode file for STMicroelectronics.X-CUBE-EEPRMA1.5.1.0
2025-03-21 12:35:25,424 [WARN] PackLoader:240 - Cannot read IP mode file for ITTIA_DB.I-CUBE-ITTIADB.8.9.0
2025-03-21 12:35:25,444 [WARN] PackLoader:240 - Cannot read IP mode file for SEGGER.I-CUBE-embOS.1.3.1
2025-03-21 12:35:25,473 [WARN] PackLoader:240 - Cannot read IP mode file for STMicroelectronics.X-CUBE-ALGOBUILD.1.4.0
2025-03-21 12:35:25,484 [WARN] PackLoader:240 - Cannot read IP mode file for STMicroelectronics.X-CUBE-AZRTOS-F4.1.1.0
2025-03-21 12:35:25,489 [WARN] PackLoader:240 - Cannot read IP mode file for STMicroelectronics.X-CUBE-ISPU.2.1.0
2025-03-21 12:35:25,498 [WARN] PackLoader:240 - Cannot read IP mode file for STMicroelectronics.X-CUBE-AZRTOS-L5.2.0.0
2025-03-21 12:35:25,505 [WARN] PackLoader:240 - Cannot read IP mode file for STMicroelectronics.X-CUBE-NFC6.3.1.0
2025-03-21 12:35:25,511 [WARN] PackLoader:240 - Cannot read IP mode file for STMicroelectronics.X-CUBE-DPower.1.2.0
2025-03-21 12:35:25,516 [WARN] PackLoader:240 - Cannot read IP mode file for STMicroelectronics.X-CUBE-FREERTOS.1.3.0
2025-03-21 12:35:25,521 [WARN] PackLoader:240 - Cannot read IP mode file for STMicroelectronics.X-CUBE-NFC7.1.0.1
2025-03-21 12:35:25,530 [WARN] ConditionMgr:438 - getConditionDescription Invalid condition id : LAN8742 Phy interface Condition cause : null
2025-03-21 12:35:25,531 [WARN] PackLoader:240 - Cannot read IP mode file for STMicroelectronics.X-CUBE-AZRTOS-L4.2.0.0
2025-03-21 12:35:25,532 [WARN] ConditionMgr:1044 - genDependencies : Invalid condition id : LAN8742 Phy interface Condition cause : null
2025-03-21 12:35:25,532 [WARN] ConditionMgr:1044 - genDependencies : Invalid condition id : LAN8742 Phy interface Condition cause : null
2025-03-21 12:35:25,532 [WARN] ConditionMgr:1044 - genDependencies : Invalid condition id : LAN8742 Phy interface Condition cause : null
2025-03-21 12:35:25,539 [WARN] PackLoader:240 - Cannot read IP mode file for STMicroelectronics.X-CUBE-SFXS2LP1.4.0.0
2025-03-21 12:35:25,551 [WARN] PackLoader:240 - Cannot read IP mode file for STMicroelectronics.X-CUBE-AZRTOS-H7.3.3.0
2025-03-21 12:35:25,560 [WARN] ConditionMgr:438 - getConditionDescription Invalid condition id : UX DEVICE CLASS RTOS Condition cause : null
2025-03-21 12:35:25,560 [WARN] ConditionMgr:438 - getConditionDescription Invalid condition id : UX DEVICE CLASS RTOS Condition cause : null
2025-03-21 12:35:25,562 [WARN] PackLoader:240 - Cannot read IP mode file for STMicroelectronics.X-CUBE-AZRTOS-WB.2.0.0
2025-03-21 12:35:25,562 [WARN] ConditionMgr:1044 - genDependencies : Invalid condition id : UX DEVICE CLASS RTOS Condition cause : null
2025-03-21 12:35:25,562 [WARN] ConditionMgr:1044 - genDependencies : Invalid condition id : UX DEVICE CLASS RTOS Condition cause : null
2025-03-21 12:35:25,563 [WARN] ConditionMgr:1044 - genDependencies : Invalid condition id : UX DEVICE CLASS RTOS Condition cause : null
2025-03-21 12:35:25,563 [WARN] ConditionMgr:1044 - genDependencies : Invalid condition id : UX DEVICE CLASS RTOS Condition cause : null
2025-03-21 12:35:25,563 [WARN] ConditionMgr:1044 - genDependencies : Invalid condition id : UX DEVICE CLASS RTOS Condition cause : null
2025-03-21 12:35:25,567 [WARN] PackLoader:240 - Cannot read IP mode file for STMicroelectronics.X-CUBE-GNSS1.7.0.1
2025-03-21 12:35:25,574 [WARN] PackLoader:240 - Cannot read IP mode file for STMicroelectronics.X-CUBE-TOUCHGFX.4.25.0
2025-03-21 12:35:25,586 [WARN] PackLoader:240 - Cannot read IP mode file for STMicroelectronics.FP-SNS-STBOX1.2.0.0
2025-03-21 12:35:25,597 [WARN] PackLoader:240 - Cannot read IP mode file for STMicroelectronics.X-CUBE-SUBG2.5.0.0
2025-03-21 12:35:25,610 [WARN] PackLoader:240 - Cannot read IP mode file for STMicroelectronics.X-CUBE-AZRTOS-H7RS.1.1.0
2025-03-21 12:35:25,615 [WARN] PackLoader:240 - Cannot read IP mode file for Cesanta.I-CUBE-Mongoose.7.13.0
2025-03-21 12:35:25,625 [WARN] PackLoader:240 - Cannot read IP mode file for STMicroelectronics.X-CUBE-AZRTOS-G4.2.0.0
2025-03-21 12:35:25,634 [WARN] PackLoader:240 - Cannot read IP mode file for STMicroelectronics.X-CUBE-IPS.3.1.0
2025-03-21 12:35:25,640 [WARN] PackLoader:240 - Cannot read IP mode file for STMicroelectronics.X-CUBE-ALS.1.0.2
2025-03-21 12:35:25,643 [WARN] PackLoader:240 - Cannot read IP mode file for STMicroelectronics.X-CUBE-TOUCHGFX.4.24.2
2025-03-21 12:35:25,647 [WARN] PackLoader:240 - Cannot read IP mode file for portGmbH.I-Cube-SoM-uGOAL.1.1.0
2025-03-21 12:35:25,657 [WARN] PackLoader:240 - Cannot read IP mode file for STMicroelectronics.X-CUBE-AZRTOS-H7RS.1.0.0
2025-03-21 12:35:25,666 [WARN] PackLoader:240 - Cannot read IP mode file for STMicroelectronics.X-CUBE-TOF1.3.4.2
2025-03-21 12:35:25,672 [INFO] ThirdParty:978 - Integrity check success = true
2025-03-21 12:35:25,672 [INFO] IntegrityCheckThread:100 - exiting critical section [integrity check]
2025-03-21 12:35:25,672 [INFO] IntegrityCheckThread:103 - End integrity checks thread
